<?xml version="1.0" encoding="UTF-8"?>
<testsuite xmlns:xsi="http://www.w3.org/2001/XMLSchema-instance" xsi:noNamespaceSchemaLocation="https://maven.apache.org/surefire/maven-surefire-plugin/xsd/surefire-test-report.xsd" version="3.0.2" name="tn.esprit.eureka.EurekaApplicationTests" time="3.376" tests="1" errors="0" skipped="0" failures="0">
  <properties>
[...]
</properties>
  <testcase name="contextLoads" classname="tn.esprit.eureka.EurekaApplicationTests" time="0.481">
    <system-out><![CDATA[16:09:29.055 [main] INFO org.springframework.test.context.support.AnnotationConfigContextLoaderUtils -- Could not detect default configuration classes for test class [tn.esprit.eureka.EurekaApplicationTests]: EurekaApplicationTests does not declare any static, non-private, non-final, nested classes annotated with @Configuration.
16:09:29.105 [main] INFO org.springframework.boot.test.context.SpringBootTestContextBootstrapper -- Found @SpringBootConfiguration tn.esprit.eureka.EurekaApplication for test class tn.esprit.eureka.EurekaApplicationTests

  .   ____          _            __ _ _
 /\\ / ___'_ __ _ _(_)_ __  __ _ \ \ \ \
( ( )\___ | '_ | '_| | '_ \/ _` | \ \ \ \
 \\/  ___)| |_)| | | | | || (_| |  ) ) ) )
  '  |____| .__|_| |_|_| |_\__, | / / / /
 =========|_|==============|___/=/_/_/_/

 :: Spring Boot ::                (v4.0.3)

2026-03-18T16:09:29.481+01:00  INFO 81795 --- [eureka] [           main] t.esprit.eureka.EurekaApplicationTests   : Starting EurekaApplicationTests using Java 17.0.18 with PID 81795 (started by amine in /home/amine/Documents/projet pi/eureka)
2026-03-18T16:09:29.483+01:00  INFO 81795 --- [eureka] [           main] t.esprit.eureka.EurekaApplicationTests   : No active profile set, falling back to 1 default profile: "default"
2026-03-18T16:09:30.134+01:00  INFO 81795 --- [eureka] [           main] o.s.cloud.context.scope.GenericScope     : BeanFactory id=5adb2349-37eb-373e-96e3-2e852ec14a67
2026-03-18T16:09:30.460+01:00  INFO 81795 --- [eureka] [           main] o.s.v.b.OptionalValidatorFactoryBean     : Failed to set up a Bean Validation provider: jakarta.validation.NoProviderFoundException: Unable to create a Configuration, because no Jakarta Validation provider could be found. Add a provider like Hibernate Validator (RI) to your classpath.
2026-03-18T16:09:31.156+01:00  WARN 81795 --- [eureka] [           main] iguration$LoadBalancerCaffeineWarnLogger : Spring Cloud LoadBalancer is currently working with the default cache. While this cache implementation is useful for development and tests, it's recommended to use Caffeine cache in production.You can switch to using Caffeine cache, by adding it and org.springframework.cache.caffeine.CaffeineCacheManager to the classpath.
2026-03-18T16:09:31.365+01:00  INFO 81795 --- [eureka] [           main] o.s.c.n.eureka.InstanceInfoFactory       : Setting initial instance status as: STARTING
2026-03-18T16:09:31.387+01:00  INFO 81795 --- [eureka] [           main] com.netflix.discovery.DiscoveryClient    : Initializing Eureka in region us-east-1
2026-03-18T16:09:31.387+01:00  INFO 81795 --- [eureka] [           main] com.netflix.discovery.DiscoveryClient    : Client configured to neither register nor query for data.
2026-03-18T16:09:31.389+01:00  INFO 81795 --- [eureka] [           main] com.netflix.discovery.DiscoveryClient    : Discovery Client initialized at timestamp 1773846571388 with initial instances count: 0
2026-03-18T16:09:31.427+01:00  INFO 81795 --- [eureka] [           main] c.n.eureka.DefaultEurekaServerContext    : Initializing ...
2026-03-18T16:09:31.429+01:00  INFO 81795 --- [eureka] [           main] c.n.eureka.cluster.PeerEurekaNodes       : Adding new peer nodes [http://localhost:8761/eureka/]
2026-03-18T16:09:31.498+01:00  INFO 81795 --- [eureka] [           main] c.n.d.provider.DiscoveryJerseyProvider   : Using JSON encoding codec LegacyJacksonJson
2026-03-18T16:09:31.498+01:00  INFO 81795 --- [eureka] [           main] c.n.d.provider.DiscoveryJerseyProvider   : Using JSON decoding codec LegacyJacksonJson
2026-03-18T16:09:31.498+01:00  INFO 81795 --- [eureka] [           main] c.n.d.provider.DiscoveryJerseyProvider   : Using XML encoding codec XStreamXml
2026-03-18T16:09:31.498+01:00  INFO 81795 --- [eureka] [           main] c.n.d.provider.DiscoveryJerseyProvider   : Using XML decoding codec XStreamXml
2026-03-18T16:09:31.538+01:00  INFO 81795 --- [eureka] [           main] c.n.eureka.cluster.PeerEurekaNodes       : Replica node URL:  http://localhost:8761/eureka/
2026-03-18T16:09:31.543+01:00  INFO 81795 --- [eureka] [           main] c.n.e.registry.AbstractInstanceRegistry  : Finished initializing remote region registries. All known remote regions: []
2026-03-18T16:09:31.544+01:00  INFO 81795 --- [eureka] [           main] c.n.eureka.DefaultEurekaServerContext    : Initialized
2026-03-18T16:09:31.646+01:00  INFO 81795 --- [eureka] [           main] o.s.b.a.e.web.EndpointLinksResolver      : Exposing 1 endpoint beneath base path '/actuator'
2026-03-18T16:09:31.743+01:00  INFO 81795 --- [eureka] [           main] o.s.c.n.e.s.EurekaServiceRegistry        : Registering application EUREKA with eureka with status UP
2026-03-18T16:09:31.758+01:00  INFO 81795 --- [eureka] [      Thread-10] o.s.c.n.e.server.EurekaServerBootstrap   : isAws returned false
2026-03-18T16:09:31.758+01:00  INFO 81795 --- [eureka] [      Thread-10] o.s.c.n.e.server.EurekaServerBootstrap   : Initialized server context
2026-03-18T16:09:31.759+01:00  INFO 81795 --- [eureka] [      Thread-10] c.n.e.r.PeerAwareInstanceRegistryImpl    : Got 1 instances from neighboring DS node
2026-03-18T16:09:31.759+01:00  INFO 81795 --- [eureka] [      Thread-10] c.n.e.r.PeerAwareInstanceRegistryImpl    : Renew threshold is: 1
2026-03-18T16:09:31.759+01:00  INFO 81795 --- [eureka] [      Thread-10] c.n.e.r.PeerAwareInstanceRegistryImpl    : Changing status to UP
2026-03-18T16:09:31.761+01:00  INFO 81795 --- [eureka] [      Thread-10] e.s.EurekaServerInitializerConfiguration : Started Eureka Server
2026-03-18T16:09:31.763+01:00  INFO 81795 --- [eureka] [           main] t.esprit.eureka.EurekaApplicationTests   : Started EurekaApplicationTests in 2.492 seconds (process running for 3.195)
]]></system-out>
  </testcase>
</testsuite>